<?xml version="1.0" encoding="UTF-8"?>
<testsuite name="JUnit Jupiter" tests="0" skipped="0" failures="0" errors="0" time="0.004" hostname="DESKTOP-PNAJG1A" timestamp="2017-11-20T17:42:16">
<properties>
<property name="awt.toolkit" value="sun.awt.windows.WToolkit"/>
<property name="file.encoding" value="windows-1251"/>
<property name="file.encoding.pkg" value="sun.io"/>
<property name="file.separator" value="\"/>
<property name="java.awt.graphicsenv" value="sun.awt.Win32GraphicsEnvironment"/>
<property name="java.awt.printerjob" value="sun.awt.windows.WPrinterJob"/>
<property name="java.class.path" value="D:\Лабы(2курс)\СУБД\Lab3_db\build\classes\java\test;D:\Лабы(2курс)\СУБД\Lab3_db\build\resources\test;D:\Лабы(2курс)\СУБД\Lab3_db\build\classes\java\main;D:\Лабы(2курс)\СУБД\Lab3_db\build\resources\main;C:\Users\Student\.gradle\caches\modules-2\files-2.1\io.vertx\vertx-rx-java\3.5.0\3cf74dae607da135de5c0eab4b77e4f9ad9770a6\vertx-rx-java-3.5.0.jar;C:\Users\Student\.gradle\caches\modules-2\files-2.1\io.vertx\vertx-lang-groovy\3.5.0\294bb28833442eba82e8455091b9a4d707c84fcf\vertx-lang-groovy-3.5.0.jar;C:\Users\Student\.gradle\caches\modules-2\files-2.1\io.vertx\vertx-web\3.5.0\8e262f80f021ba72e66f4b4dbce554e2d4599986\vertx-web-3.5.0.jar;C:\Users\Student\.gradle\caches\modules-2\files-2.1\io.vertx\vertx-mongo-client\3.5.0\b885a1225d6f77313de39fa125f9c43843abd1b0\vertx-mongo-client-3.5.0.jar;C:\Users\Student\.gradle\caches\modules-2\files-2.1\io.vertx\vertx-auth-common\3.5.0\7dfb10174f75b1346d1686ebf2de0509e3d1adb7\vertx-auth-common-3.5.0.jar;C:\Users\Student\.gradle\caches\modules-2\files-2.1\io.vertx\vertx-core\3.5.0\94a38b14ee7dd5bc6c5f7ce1c97b3cea7bd34f05\vertx-core-3.5.0.jar;C:\Users\Student\.gradle\caches\modules-2\files-2.1\io.vertx\vertx-jdbc-client\3.5.0\9014cf363cbb31d95972b20f180be014d55c2b27\vertx-jdbc-client-3.5.0.jar;C:\Users\Student\.gradle\caches\modules-2\files-2.1\org.liquibase\liquibase-core\3.5.3\f346404c3876c5bd0e07a7e10b7565bdcd35dbab\liquibase-core-3.5.3.jar;C:\Users\Student\.gradle\caches\modules-2\files-2.1\net.sf.dozer\dozer\5.4.0\cb6d3d030b8d7336af78c8d4933907f706dd5b50\dozer-5.4.0.jar;C:\Users\Student\.gradle\caches\modules-2\files-2.1\org.slf4j\slf4j-simple\1.6.1\58e59bfb3e247097b8122243b3bfe0049c8cfae8\slf4j-simple-1.6.1.jar;C:\Users\Student\.gradle\caches\modules-2\files-2.1\org.junit.vintage\junit-vintage-engine\4.12.0\d300bd7530167f999ffb361b2e6e9923578dfc3a\junit-vintage-engine-4.12.0.jar;C:\Users\Student\.gradle\caches\modules-2\files-2.1\junit\junit\4.12\2973d150c0dc1fefe998f834810d68f278ea58ec\junit-4.12.jar;C:\Users\Student\.gradle\caches\modules-2\files-2.1\org.junit.jupiter\junit-jupiter-engine\5.0.1\e22d2bf87f43fb03fee14dea447b2a14f41b095f\junit-jupiter-engine-5.0.1.jar;C:\Users\Student\.gradle\caches\modules-2\files-2.1\org.junit.jupiter\junit-jupiter-api\5.0.1\30fbf4448c594cb45d8e91630d6bb7f465906b88\junit-jupiter-api-5.0.1.jar;C:\Users\Student\.gradle\caches\modules-2\files-2.1\org.apache.logging.log4j\log4j-core\2.9.1\c041978c686866ee8534f538c6220238db3bb6be\log4j-core-2.9.1.jar;C:\Users\Student\.gradle\caches\modules-2\files-2.1\org.apache.logging.log4j\log4j-jul\2.9.1\20950ce865fde280a81b99787dd5b66bf5ea571f\log4j-jul-2.9.1.jar;C:\Users\Student\.gradle\caches\modules-2\files-2.1\org.junit.platform\junit-platform-launcher\1.0.0\5602a195a442636276efefce2a4c7b418cd67e5c\junit-platform-launcher-1.0.0.jar;C:\Users\Student\.gradle\caches\modules-2\files-2.1\io.netty\netty-codec-http2\4.1.15.Final\4fd3b955b53ee80ef8d872dcdb53aea9f8f47a77\netty-codec-http2-4.1.15.Final.jar;C:\Users\Student\.gradle\caches\modules-2\files-2.1\io.netty\netty-handler\4.1.15.Final\43cec9cfc1e80ea281bc1cb060958b1bb543d60c\netty-handler-4.1.15.Final.jar;C:\Users\Student\.gradle\caches\modules-2\files-2.1\io.netty\netty-handler-proxy\4.1.15.Final\540b802ce449b6dc03d27d1b726217a76b02b4ee\netty-handler-proxy-4.1.15.Final.jar;C:\Users\Student\.gradle\caches\modules-2\files-2.1\io.netty\netty-resolver-dns\4.1.15.Final\62c6b9c3e962a909c8e1ff2ee336cf68419a27d2\netty-resolver-dns-4.1.15.Final.jar;C:\Users\Student\.gradle\caches\modules-2\files-2.1\io.netty\netty-codec-http\4.1.15.Final\c06dbf0f4119fdbb3db6ff880b38e835766455b2\netty-codec-http-4.1.15.Final.jar;C:\Users\Student\.gradle\caches\modules-2\files-2.1\io.netty\netty-codec-socks\4.1.15.Final\dfb9755e77dc669eb17fef2e4a3491ddd35ed287\netty-codec-socks-4.1.15.Final.jar;C:\Users\Student\.gradle\caches\modules-2\files-2.1\io.netty\netty-codec-dns\4.1.15.Final\a9d47d0bdcb912b7f979808f96334bb2eefc2693\netty-codec-dns-4.1.15.Final.jar;C:\Users\Student\.gradle\caches\modules-2\files-2.1\io.netty\netty-codec\4.1.15.Final\15cef796196b4027911d5de8a3f0d333842896d1\netty-codec-4.1.15.Final.jar;C:\Users\Student\.gradle\caches\modules-2\files-2.1\io.netty\netty-transport\4.1.15.Final\46e3f244f26422b3cfb5ffc5c2d9984b7725ed89\netty-transport-4.1.15.Final.jar;C:\Users\Student\.gradle\caches\modules-2\files-2.1\io.netty\netty-buffer\4.1.15.Final\f7edf6488292b4de584ce16acc64f611d76fe4e7\netty-buffer-4.1.15.Final.jar;C:\Users\Student\.gradle\caches\modules-2\files-2.1\io.netty\netty-resolver\4.1.15.Final\89565523e45aa99af2aa263900a75eb8836b3a47\netty-resolver-4.1.15.Final.jar;C:\Users\Student\.gradle\caches\modules-2\files-2.1\io.netty\netty-common\4.1.15.Final\d6144d4a6e0395ad762d41409ed663cc7b227e83\netty-common-4.1.15.Final.jar;C:\Users\Student\.gradle\caches\modules-2\files-2.1\com.fasterxml.jackson.core\jackson-databind\2.9.0\14fb5f088cc0b0dc90a73ba745bcade4961a3ee3\jackson-databind-2.9.0.jar;C:\Users\Student\.gradle\caches\modules-2\files-2.1\com.fasterxml.jackson.core\jackson-core\2.9.0\88e7c6220be3b3497b3074d3fc7754213289b987\jackson-core-2.9.0.jar;C:\Users\Student\.gradle\caches\modules-2\files-2.1\io.reactivex\rxjava\1.3.2\bcc561a84883a9f3f84e209662c4765a0c3dc691\rxjava-1.3.2.jar;C:\Users\Student\.gradle\caches\modules-2\files-2.1\org.codehaus.groovy\groovy-all\2.4.7\c5371aaa20bcdca1175d9477fc0811f4fd99b68a\groovy-all-2.4.7.jar;C:\Users\Student\.gradle\caches\modules-2\files-2.1\io.vertx\vertx-bridge-common\3.5.0\59d6d9071e63fd8adaac03e35dc515f325f41077\vertx-bridge-common-3.5.0.jar;C:\Users\Student\.gradle\caches\modules-2\files-2.1\io.vertx\vertx-sql-common\3.5.0\a5c3a0222e2b0b2882e0edbdcef7516e1bd41827\vertx-sql-common-3.5.0.jar;C:\Users\Student\.gradle\caches\modules-2\files-2.1\com.mchange\c3p0\0.9.5.2\5f86cb6130bc6e8475615ed82d5b5e6fb226a86a\c3p0-0.9.5.2.jar;C:\Users\Student\.gradle\caches\modules-2\files-2.1\org.mongodb\mongodb-driver-async\3.4.1\2c4d1eec6d5e565f2bd445727cb60780371f00f6\mongodb-driver-async-3.4.1.jar;C:\Users\Student\.gradle\caches\modules-2\files-2.1\org.yaml\snakeyaml\1.17\7a27ea250c5130b2922b86dea63cbb1cc10a660c\snakeyaml-1.17.jar;C:\Users\Student\.gradle\caches\modules-2\files-2.1\commons-beanutils\commons-beanutils\1.8.3\686ef3410bcf4ab8ce7fd0b899e832aaba5facf7\commons-beanutils-1.8.3.jar;C:\Users\Student\.gradle\caches\modules-2\files-2.1\org.apache.commons\commons-lang3\3.1\905075e6c80f206bbe6cf1e809d2caa69f420c76\commons-lang3-3.1.jar;C:\Users\Student\.gradle\caches\modules-2\files-2.1\org.slf4j\jcl-over-slf4j\1.6.6\ec497945fdcaf7fd970ae9931b9bbfaf735d385e\jcl-over-slf4j-1.6.6.jar;C:\Users\Student\.gradle\caches\modules-2\files-2.1\org.slf4j\slf4j-log4j12\1.6.6\5cd9b4fbc3ff6a97beaade3206137d76f65df805\slf4j-log4j12-1.6.6.jar;C:\Users\Student\.gradle\caches\modules-2\files-2.1\org.slf4j\slf4j-api\1.6.6\ce53b0a0e2cfbb27e8a59d38f79a18a5c6a8d2b0\slf4j-api-1.6.6.jar;C:\Users\Student\.gradle\caches\modules-2\files-2.1\org.hamcrest\hamcrest-core\1.3\42a25dc3219429f0e5d060061f71acb49bf010a0\hamcrest-core-1.3.jar;C:\Users\Student\.gradle\caches\modules-2\files-2.1\org.junit.platform\junit-platform-engine\1.0.1\4ce0a37866312c18ea3f45818f2faec077e46e0\junit-platform-engine-1.0.1.jar;C:\Users\Student\.gradle\caches\modules-2\files-2.1\org.opentest4j\opentest4j\1.0.0\6f09c598e9ff64bf0ce2fa7e7de49a99ba83c0b4\opentest4j-1.0.0.jar;C:\Users\Student\.gradle\caches\modules-2\files-2.1\org.junit.platform\junit-platform-commons\1.0.1\3632e4a74a43d3ae8d29e6fa172cbc29590bda03\junit-platform-commons-1.0.1.jar;C:\Users\Student\.gradle\caches\modules-2\files-2.1\org.apiguardian\apiguardian-api\1.0.0\3ef5276905e36f4d8055fe3cb0bdcc7503ffc85d\apiguardian-api-1.0.0.jar;C:\Users\Student\.gradle\caches\modules-2\files-2.1\org.apache.logging.log4j\log4j-api\2.9.1\7a2999229464e7a324aa503c0a52ec0f05efe7bd\log4j-api-2.9.1.jar;C:\Users\Student\.gradle\caches\modules-2\files-2.1\com.fasterxml.jackson.core\jackson-annotations\2.9.0\7c10d545325e3a6e72e06381afe469fd40eb701\jackson-annotations-2.9.0.jar;C:\Users\Student\.gradle\caches\modules-2\files-2.1\com.mchange\mchange-commons-java\0.2.11\2a6a6c1fe25f28f5a073171956ce6250813467ef\mchange-commons-java-0.2.11.jar;C:\Users\Student\.gradle\caches\modules-2\files-2.1\org.mongodb\mongodb-driver-core\3.4.1\f22d1df8831b6f2c6a6d2beffab6f069572d7c3c\mongodb-driver-core-3.4.1.jar;C:\Users\Student\.gradle\caches\modules-2\files-2.1\org.mongodb\bson\3.4.1\33d26d7e77f39b0031584a5f2ff1173120043022\bson-3.4.1.jar;C:\Users\Student\.gradle\caches\modules-2\files-2.1\log4j\log4j\1.2.17\5af35056b4d257e4b64b9e8069c0746e8b08629f\log4j-1.2.17.jar;C:\Users\Student\.gradle\caches\modules-2\files-2.1\org.junit.platform\junit-platform-console\1.0.1\3892e08f30d92a88addc73f3a5f9575be864cec\junit-platform-console-1.0.1.jar;C:\Users\Student\.gradle\caches\modules-2\files-2.1\org.junit.platform\junit-platform-launcher\1.0.1\5562631a34e4eefefdad04cdd49a50774d6ac777\junit-platform-launcher-1.0.1.jar"/>
<property name="java.class.version" value="52.0"/>
<property name="java.endorsed.dirs" value="C:\Program Files\Java\jdk1.8.0_101\jre\lib\endorsed"/>
<property name="java.ext.dirs" value="C:\Program Files\Java\jdk1.8.0_101\jre\lib\ext;C:\WINDOWS\Sun\Java\lib\ext"/>
<property name="java.home" value="C:\Program Files\Java\jdk1.8.0_101\jre"/>
<property name="java.io.tmpdir" value="C:\Users\Student\AppData\Local\Temp\"/>
<property name="java.library.path" value="C:\Program Files\Java\jdk1.8.0_101\bin;C:\WINDOWS\Sun\Java\bin;C:\WINDOWS\system32;C:\WINDOWS;D:\app\Student\product\12.2.0\dbhome_2\bin;D:\app\Student\product\12.2.0\dbhome_1\bin;C:\ProgramData\Oracle\Java\javapath;C:\WINDOWS\system32;C:\WINDOWS;C:\WINDOWS\System32\Wbem;C:\WINDOWS\System32\WindowsPowerShell\v1.0\;C:\WINDOWS\system32\config\systemprofile\.dnx\bin;C:\Program Files\Microsoft DNX\Dnvm\;C:\Program Files\Microsoft SQL Server\130\Tools\Binn\;C:\Program Files (x86)\Windows Kits\8.1\Windows Performance Toolkit\;C:\Python27\;C:\Program Files (x86)\Skype\Phone\;D:\Gradle\gradle-4.2.1\bin;C:\Program Files\Java\jdk1.8.0_101/bin;C:\Program Files\Git\cmd;C:\Users\Student\AppData\Local\Microsoft\WindowsApps;;."/>
<property name="java.runtime.name" value="Java(TM) SE Runtime Environment"/>
<property name="java.runtime.version" value="1.8.0_101-b13"/>
<property name="java.specification.name" value="Java Platform API Specification"/>
<property name="java.specification.vendor" value="Oracle Corporation"/>
<property name="java.specification.version" value="1.8"/>
<property name="java.util.logging.manager" value="org.apache.logging.log4j.jul.LogManager"/>
<property name="java.vendor" value="Oracle Corporation"/>
<property name="java.vendor.url" value="http://java.oracle.com/"/>
<property name="java.vendor.url.bug" value="http://bugreport.sun.com/bugreport/"/>
<property name="java.version" value="1.8.0_101"/>
<property name="java.vm.info" value="mixed mode"/>
<property name="java.vm.name" value="Java HotSpot(TM) 64-Bit Server VM"/>
<property name="java.vm.specification.name" value="Java Virtual Machine Specification"/>
<property name="java.vm.specification.vendor" value="Oracle Corporation"/>
<property name="java.vm.specification.version" value="1.8"/>
<property name="java.vm.vendor" value="Oracle Corporation"/>
<property name="java.vm.version" value="25.101-b13"/>
<property name="line.separator" value="
"/>
<property name="os.arch" value="amd64"/>
<property name="os.name" value="Windows 10"/>
<property name="os.version" value="10.0"/>
<property name="path.separator" value=";"/>
<property name="sun.arch.data.model" value="64"/>
<property name="sun.boot.class.path" value="C:\Program Files\Java\jdk1.8.0_101\jre\lib\resources.jar;C:\Program Files\Java\jdk1.8.0_101\jre\lib\rt.jar;C:\Program Files\Java\jdk1.8.0_101\jre\lib\sunrsasign.jar;C:\Program Files\Java\jdk1.8.0_101\jre\lib\jsse.jar;C:\Program Files\Java\jdk1.8.0_101\jre\lib\jce.jar;C:\Program Files\Java\jdk1.8.0_101\jre\lib\charsets.jar;C:\Program Files\Java\jdk1.8.0_101\jre\lib\jfr.jar;C:\Program Files\Java\jdk1.8.0_101\jre\classes"/>
<property name="sun.boot.library.path" value="C:\Program Files\Java\jdk1.8.0_101\jre\bin"/>
<property name="sun.cpu.endian" value="little"/>
<property name="sun.cpu.isalist" value="amd64"/>
<property name="sun.desktop" value="windows"/>
<property name="sun.io.unicode.encoding" value="UnicodeLittle"/>
<property name="sun.java.command" value="org.junit.platform.console.ConsoleLauncher --details NONE --scan-class-path D:\Лабы(2курс)\СУБД\Lab3_db\build\classes\java\main;D:\Лабы(2курс)\СУБД\Lab3_db\build\resources\main;D:\Лабы(2курс)\СУБД\Lab3_db\build\classes\java\test;D:\Лабы(2курс)\СУБД\Lab3_db\build\resources\test -n ^.*Tests?$ -T slow --reports-dir D:\Лабы(2курс)\СУБД\Lab3_db\build\test-results\junit-platform"/>
<property name="sun.java.launcher" value="SUN_STANDARD"/>
<property name="sun.jnu.encoding" value="Cp1251"/>
<property name="sun.management.compiler" value="HotSpot 64-Bit Tiered Compilers"/>
<property name="sun.os.patch.level" value=""/>
<property name="user.country" value="RU"/>
<property name="user.dir" value="D:\Лабы(2курс)\СУБД\Lab3_db"/>
<property name="user.home" value="C:\Users\Student"/>
<property name="user.language" value="ru"/>
<property name="user.name" value="Student"/>
<property name="user.script" value=""/>
<property name="user.timezone" value="Europe/Helsinki"/>
<property name="user.variant" value=""/>
</properties>
<system-out><![CDATA[
unique-id: [engine:junit-jupiter]
display-name: JUnit Jupiter
]]></system-out>
</testsuite>
