<?xml version="1.0" encoding="UTF-8"?>
<testsuite name="JUnit Jupiter" tests="0" skipped="0" failures="0" errors="0" time="0.003" hostname="DESKTOP-PNAJG1A" timestamp="2017-11-16T01:17:36">
<properties>
<property name="awt.toolkit" value="sun.awt.windows.WToolkit"/>
<property name="file.encoding" value="windows-1251"/>
<property name="file.encoding.pkg" value="sun.io"/>
<property name="file.separator" value="\"/>
<property name="java.awt.graphicsenv" value="sun.awt.Win32GraphicsEnvironment"/>
<property name="java.awt.printerjob" value="sun.awt.windows.WPrinterJob"/>
<property name="java.class.path" value="D:\Лабы(2курс)\СУБД\Lab3_db\build\classes\java\test;D:\Лабы(2курс)\СУБД\Lab3_db\build\resources\test;D:\Лабы(2курс)\СУБД\Lab3_db\build\classes\java\main;D:\Лабы(2курс)\СУБД\Lab3_db\build\resources\main;C:\Users\Student\.gradle\caches\modules-2\files-2.1\org.junit.vintage\junit-vintage-engine\4.12.0\d300bd7530167f999ffb361b2e6e9923578dfc3a\junit-vintage-engine-4.12.0.jar;C:\Users\Student\.gradle\caches\modules-2\files-2.1\junit\junit\4.12\2973d150c0dc1fefe998f834810d68f278ea58ec\junit-4.12.jar;C:\Users\Student\.gradle\caches\modules-2\files-2.1\org.junit.jupiter\junit-jupiter-engine\5.0.1\e22d2bf87f43fb03fee14dea447b2a14f41b095f\junit-jupiter-engine-5.0.1.jar;C:\Users\Student\.gradle\caches\modules-2\files-2.1\org.junit.jupiter\junit-jupiter-api\5.0.1\30fbf4448c594cb45d8e91630d6bb7f465906b88\junit-jupiter-api-5.0.1.jar;C:\Users\Student\.gradle\caches\modules-2\files-2.1\org.apache.logging.log4j\log4j-core\2.9.1\c041978c686866ee8534f538c6220238db3bb6be\log4j-core-2.9.1.jar;C:\Users\Student\.gradle\caches\modules-2\files-2.1\org.apache.logging.log4j\log4j-jul\2.9.1\20950ce865fde280a81b99787dd5b66bf5ea571f\log4j-jul-2.9.1.jar;C:\Users\Student\.gradle\caches\modules-2\files-2.1\org.junit.platform\junit-platform-launcher\1.0.0\5602a195a442636276efefce2a4c7b418cd67e5c\junit-platform-launcher-1.0.0.jar;C:\Users\Student\.gradle\caches\modules-2\files-2.1\org.hamcrest\hamcrest-core\1.3\42a25dc3219429f0e5d060061f71acb49bf010a0\hamcrest-core-1.3.jar;C:\Users\Student\.gradle\caches\modules-2\files-2.1\org.junit.platform\junit-platform-engine\1.0.1\4ce0a37866312c18ea3f45818f2faec077e46e0\junit-platform-engine-1.0.1.jar;C:\Users\Student\.gradle\caches\modules-2\files-2.1\org.opentest4j\opentest4j\1.0.0\6f09c598e9ff64bf0ce2fa7e7de49a99ba83c0b4\opentest4j-1.0.0.jar;C:\Users\Student\.gradle\caches\modules-2\files-2.1\org.junit.platform\junit-platform-commons\1.0.1\3632e4a74a43d3ae8d29e6fa172cbc29590bda03\junit-platform-commons-1.0.1.jar;C:\Users\Student\.gradle\caches\modules-2\files-2.1\org.apiguardian\apiguardian-api\1.0.0\3ef5276905e36f4d8055fe3cb0bdcc7503ffc85d\apiguardian-api-1.0.0.jar;C:\Users\Student\.gradle\caches\modules-2\files-2.1\org.apache.logging.log4j\log4j-api\2.9.1\7a2999229464e7a324aa503c0a52ec0f05efe7bd\log4j-api-2.9.1.jar;C:\Users\Student\.gradle\caches\modules-2\files-2.1\org.junit.platform\junit-platform-console\1.0.1\3892e08f30d92a88addc73f3a5f9575be864cec\junit-platform-console-1.0.1.jar;C:\Users\Student\.gradle\caches\modules-2\files-2.1\org.junit.platform\junit-platform-launcher\1.0.1\5562631a34e4eefefdad04cdd49a50774d6ac777\junit-platform-launcher-1.0.1.jar"/>
<property name="java.class.version" value="52.0"/>
<property name="java.endorsed.dirs" value="C:\Program Files\Java\jdk1.8.0_101\jre\lib\endorsed"/>
<property name="java.ext.dirs" value="C:\Program Files\Java\jdk1.8.0_101\jre\lib\ext;C:\WINDOWS\Sun\Java\lib\ext"/>
<property name="java.home" value="C:\Program Files\Java\jdk1.8.0_101\jre"/>
<property name="java.io.tmpdir" value="C:\Users\Student\AppData\Local\Temp\"/>
<property name="java.library.path" value="C:\Program Files\Java\jdk1.8.0_101\bin;C:\WINDOWS\Sun\Java\bin;C:\WINDOWS\system32;C:\WINDOWS;D:\app\Student\product\12.2.0\dbhome_2\bin;D:\app\Student\product\12.2.0\dbhome_1\bin;C:\ProgramData\Oracle\Java\javapath;C:\WINDOWS\system32;C:\WINDOWS;C:\WINDOWS\System32\Wbem;C:\WINDOWS\System32\WindowsPowerShell\v1.0\;C:\WINDOWS\system32\config\systemprofile\.dnx\bin;C:\Program Files\Microsoft DNX\Dnvm\;C:\Program Files\Microsoft SQL Server\130\Tools\Binn\;C:\Program Files (x86)\Windows Kits\8.1\Windows Performance Toolkit\;C:\Python27\;C:\Program Files (x86)\Skype\Phone\;D:\Gradle\gradle-4.2.1\bin;C:\Program Files\Java\jdk1.8.0_101/bin;C:\Users\Student\AppData\Local\Microsoft\WindowsApps;;."/>
<property name="java.runtime.name" value="Java(TM) SE Runtime Environment"/>
<property name="java.runtime.version" value="1.8.0_101-b13"/>
<property name="java.specification.name" value="Java Platform API Specification"/>
<property name="java.specification.vendor" value="Oracle Corporation"/>
<property name="java.specification.version" value="1.8"/>
<property name="java.util.logging.manager" value="org.apache.logging.log4j.jul.LogManager"/>
<property name="java.vendor" value="Oracle Corporation"/>
<property name="java.vendor.url" value="http://java.oracle.com/"/>
<property name="java.vendor.url.bug" value="http://bugreport.sun.com/bugreport/"/>
<property name="java.version" value="1.8.0_101"/>
<property name="java.vm.info" value="mixed mode"/>
<property name="java.vm.name" value="Java HotSpot(TM) 64-Bit Server VM"/>
<property name="java.vm.specification.name" value="Java Virtual Machine Specification"/>
<property name="java.vm.specification.vendor" value="Oracle Corporation"/>
<property name="java.vm.specification.version" value="1.8"/>
<property name="java.vm.vendor" value="Oracle Corporation"/>
<property name="java.vm.version" value="25.101-b13"/>
<property name="line.separator" value="
"/>
<property name="os.arch" value="amd64"/>
<property name="os.name" value="Windows 10"/>
<property name="os.version" value="10.0"/>
<property name="path.separator" value=";"/>
<property name="sun.arch.data.model" value="64"/>
<property name="sun.boot.class.path" value="C:\Program Files\Java\jdk1.8.0_101\jre\lib\resources.jar;C:\Program Files\Java\jdk1.8.0_101\jre\lib\rt.jar;C:\Program Files\Java\jdk1.8.0_101\jre\lib\sunrsasign.jar;C:\Program Files\Java\jdk1.8.0_101\jre\lib\jsse.jar;C:\Program Files\Java\jdk1.8.0_101\jre\lib\jce.jar;C:\Program Files\Java\jdk1.8.0_101\jre\lib\charsets.jar;C:\Program Files\Java\jdk1.8.0_101\jre\lib\jfr.jar;C:\Program Files\Java\jdk1.8.0_101\jre\classes"/>
<property name="sun.boot.library.path" value="C:\Program Files\Java\jdk1.8.0_101\jre\bin"/>
<property name="sun.cpu.endian" value="little"/>
<property name="sun.cpu.isalist" value="amd64"/>
<property name="sun.desktop" value="windows"/>
<property name="sun.io.unicode.encoding" value="UnicodeLittle"/>
<property name="sun.java.command" value="org.junit.platform.console.ConsoleLauncher --details NONE --scan-class-path D:\Лабы(2курс)\СУБД\Lab3_db\build\classes\java\main;D:\Лабы(2курс)\СУБД\Lab3_db\build\resources\main;D:\Лабы(2курс)\СУБД\Lab3_db\build\classes\java\test;D:\Лабы(2курс)\СУБД\Lab3_db\build\resources\test -n ^.*Tests?$ -T slow --reports-dir D:\Лабы(2курс)\СУБД\Lab3_db\build\test-results\junit-platform"/>
<property name="sun.java.launcher" value="SUN_STANDARD"/>
<property name="sun.jnu.encoding" value="Cp1251"/>
<property name="sun.management.compiler" value="HotSpot 64-Bit Tiered Compilers"/>
<property name="sun.os.patch.level" value=""/>
<property name="user.country" value="RU"/>
<property name="user.dir" value="D:\Лабы(2курс)\СУБД\Lab3_db"/>
<property name="user.home" value="C:\Users\Student"/>
<property name="user.language" value="ru"/>
<property name="user.name" value="Student"/>
<property name="user.script" value=""/>
<property name="user.timezone" value="Europe/Helsinki"/>
<property name="user.variant" value=""/>
</properties>
<system-out><![CDATA[
unique-id: [engine:junit-jupiter]
display-name: JUnit Jupiter
]]></system-out>
</testsuite>
